<?xml version="1.0" encoding="UTF-8"?>
<!-- Generated by org.testng.reporters.JUnitXMLReporter -->
<testsuite ignored="0" hostname="Laptom" failures="0" tests="29" name="Test" time="165.485" errors="0" timestamp="2024-05-18T18:24:58 EDT">
  <testcase classname="com.TN.TestCases.RegisterTest" name="verifyRegisterWithMandatoryDetails" time="1.446"/>
  <testcase classname="com.TN.TestCases.RegisterTest" name="verifyRegisterWithMandatoryDetails" time="1.392"/>
  <testcase classname="com.TN.TestCases.RegisterTest" name="verifyRegisterWithMandatoryDetails" time="1.342"/>
  <testcase classname="com.TN.TestCases.RegisterTest" name="verifyRegisterWithMandatoryDetails" time="1.342"/>
  <testcase classname="com.TN.TestCases.RegisterTest" name="verifyRegisterWithMandatoryDetails" time="1.392"/>
  <testcase classname="com.TN.TestCases.RegisterTest" name="verifyRegisterWithMandatoryDetails" time="1.382"/>
  <testcase classname="com.TN.TestCases.RegisterTest" name="verifyRegisterWithMandatoryDetails" time="1.358"/>
  <testcase classname="com.TN.TestCases.RegisterTest" name="verifyRegisterWithMandatoryDetails" time="1.38"/>
  <testcase classname="com.TN.TestCases.RegisterTest" name="verifyRegisterWithAllDetails" time="1.404"/>
  <testcase classname="com.TN.TestCases.RegisterTest" name="verifyRegisterWithExistingEmail" time="0.951"/>
  <testcase classname="com.TN.TestCases.RegisterTest" name="verifyRegisterWithWrongConfirmPassword" time="1.077"/>
  <testcase classname="com.TN.TestCases.RegisterTest" name="verifyRegisterWithNoDetails" time="0.523"/>
  <testcase classname="com.TN.TestCases.LoginTest" name="verifyLoginWithValidCredentials" time="0.995"/>
  <testcase classname="com.TN.TestCases.LoginTest" name="verifyLoginWithValidCredentials" time="1.237"/>
  <testcase classname="com.TN.TestCases.LoginTest" name="verifyLoginWithValidCredentials" time="0.984"/>
  <testcase classname="com.TN.TestCases.LoginTest" name="verifyLoginWithValidCredentials" time="1.331"/>
  <testcase classname="com.TN.TestCases.LoginTest" name="verifyLoginWithValidCredentials" time="1.621"/>
  <testcase classname="com.TN.TestCases.LoginTest" name="verifyLoginWithValidCredentials" time="1.157"/>
  <testcase classname="com.TN.TestCases.LoginTest" name="verifyLoginWithValidCredentials" time="0.953"/>
  <testcase classname="com.TN.TestCases.LoginTest" name="verifyLoginWithValidCredentials" time="1.002"/>
  <testcase classname="com.TN.TestCases.LoginTest" name="verifyLoginWithValidEmailInvalidPassword" time="0.649"/>
  <testcase classname="com.TN.TestCases.LoginTest" name="verifyLoginWithInvalidEmailValidPassword" time="0.755"/>
  <testcase classname="com.TN.TestCases.LoginTest" name="verifyLoginWithInvalidCredentials" time="0.779"/>
  <testcase classname="com.TN.TestCases.LoginTest" name="verifyLoginWithNoCredentials" time="0.769"/>
  <testcase classname="com.TN.TestCases.SearchProductTest" name="verifySearchValidProduct" time="0.697"/>
  <testcase classname="com.TN.TestCases.SearchProductTest" name="verifySearchInvalidProduct" time="0.451"/>
  <testcase classname="com.TN.TestCases.SearchProductTest" name="verifySearchNoProduct" time="0.407"/>
  <testcase classname="com.TN.TestCases.ViewCartPageTest" name="verifyProductIsAddedToTheCart" time="2.636"/>
  <testcase classname="com.TN.TestCases.checkOutPageTest" name="verifyCorrectProductBeignPurchased" time="8.9"/>
</testsuite> <!-- Test -->
