<?xml version="1.0" encoding="UTF-8"?>
<!-- Generated by org.testng.reporters.JUnitXMLReporter -->
<testsuite ignored="0" hostname="Laptom" failures="0" tests="29" name="Test" time="168.108" errors="0" timestamp="2024-05-16T16:15:39 EDT">
  <testcase classname="com.TN.TestCases.RegisterTest" name="verifyRegisterWithMandatoryDetails" time="1.459"/>
  <testcase classname="com.TN.TestCases.RegisterTest" name="verifyRegisterWithMandatoryDetails" time="1.91"/>
  <testcase classname="com.TN.TestCases.RegisterTest" name="verifyRegisterWithMandatoryDetails" time="2.587"/>
  <testcase classname="com.TN.TestCases.RegisterTest" name="verifyRegisterWithMandatoryDetails" time="1.791"/>
  <testcase classname="com.TN.TestCases.RegisterTest" name="verifyRegisterWithMandatoryDetails" time="1.879"/>
  <testcase classname="com.TN.TestCases.RegisterTest" name="verifyRegisterWithMandatoryDetails" time="1.978"/>
  <testcase classname="com.TN.TestCases.RegisterTest" name="verifyRegisterWithMandatoryDetails" time="1.309"/>
  <testcase classname="com.TN.TestCases.RegisterTest" name="verifyRegisterWithMandatoryDetails" time="1.323"/>
  <testcase classname="com.TN.TestCases.RegisterTest" name="verifyRegisterWithAllDetails" time="1.352"/>
  <testcase classname="com.TN.TestCases.RegisterTest" name="verifyRegisterWithExistingEmail" time="0.939"/>
  <testcase classname="com.TN.TestCases.RegisterTest" name="verifyRegisterWithWrongConfirmPassword" time="1.005"/>
  <testcase classname="com.TN.TestCases.RegisterTest" name="verifyRegisterWithNoDetails" time="0.53"/>
  <testcase classname="com.TN.TestCases.LoginTest" name="verifyLoginWithValidCredentials" time="0.969"/>
  <testcase classname="com.TN.TestCases.LoginTest" name="verifyLoginWithValidCredentials" time="1.196"/>
  <testcase classname="com.TN.TestCases.LoginTest" name="verifyLoginWithValidCredentials" time="0.976"/>
  <testcase classname="com.TN.TestCases.LoginTest" name="verifyLoginWithValidCredentials" time="1.177"/>
  <testcase classname="com.TN.TestCases.LoginTest" name="verifyLoginWithValidCredentials" time="1.166"/>
  <testcase classname="com.TN.TestCases.LoginTest" name="verifyLoginWithValidCredentials" time="0.934"/>
  <testcase classname="com.TN.TestCases.LoginTest" name="verifyLoginWithValidCredentials" time="0.939"/>
  <testcase classname="com.TN.TestCases.LoginTest" name="verifyLoginWithValidCredentials" time="0.937"/>
  <testcase classname="com.TN.TestCases.LoginTest" name="verifyLoginWithValidEmailInvalidPassword" time="0.662"/>
  <testcase classname="com.TN.TestCases.LoginTest" name="verifyLoginWithInvalidEmailValidPassword" time="0.723"/>
  <testcase classname="com.TN.TestCases.LoginTest" name="verifyLoginWithInvalidCredentials" time="1.223"/>
  <testcase classname="com.TN.TestCases.LoginTest" name="verifyLoginWithNoCredentials" time="0.712"/>
  <testcase classname="com.TN.TestCases.SearchProductTest" name="verifySearchValidProduct" time="0.681"/>
  <testcase classname="com.TN.TestCases.SearchProductTest" name="verifySearchInvalidProduct" time="0.451"/>
  <testcase classname="com.TN.TestCases.SearchProductTest" name="verifySearchNoProduct" time="0.38"/>
  <testcase classname="com.TN.TestCases.ViewCartPageTest" name="verifyProductIsAddedToTheCart" time="2.701"/>
  <testcase classname="com.TN.TestCases.checkOutPageTest" name="verifyCorrectProductBeignPurchased" time="8.929"/>
</testsuite> <!-- Test -->
