<?xml version="1.0" encoding="UTF-8"?>
<testsuite xmlns:xsi="http://www.w3.org/2001/XMLSchema-instance" xsi:noNamespaceSchemaLocation="https://maven.apache.org/surefire/maven-surefire-plugin/xsd/surefire-test-report.xsd" name="TestSuite" time="162.554" tests="29" errors="0" skipped="0" failures="0">
  <properties>
[...]
</properties>
  <testcase name="verifyCorrectProductBeignPurchased" classname="com.TN.TestCases.checkOutPageTest" time="8.992"/>
  <testcase name="verifyLoginWithValidCredentials" classname="com.TN.TestCases.LoginTest" time="0.956"/>
  <testcase name="verifyLoginWithValidCredentials" classname="com.TN.TestCases.LoginTest" time="1.172"/>
  <testcase name="verifyLoginWithValidCredentials" classname="com.TN.TestCases.LoginTest" time="0.958"/>
  <testcase name="verifyLoginWithValidCredentials" classname="com.TN.TestCases.LoginTest" time="1.181"/>
  <testcase name="verifyLoginWithValidCredentials" classname="com.TN.TestCases.LoginTest" time="1.258"/>
  <testcase name="verifyLoginWithValidCredentials" classname="com.TN.TestCases.LoginTest" time="0.939"/>
  <testcase name="verifyLoginWithValidCredentials" classname="com.TN.TestCases.LoginTest" time="0.947"/>
  <testcase name="verifyLoginWithValidCredentials" classname="com.TN.TestCases.LoginTest" time="0.969"/>
  <testcase name="verifyLoginWithValidEmailInvalidPassword" classname="com.TN.TestCases.LoginTest" time="0.704"/>
  <testcase name="verifyLoginWithInvalidEmailValidPassword" classname="com.TN.TestCases.LoginTest" time="0.762"/>
  <testcase name="verifyLoginWithInvalidCredentials" classname="com.TN.TestCases.LoginTest" time="0.758"/>
  <testcase name="verifyLoginWithNoCredentials" classname="com.TN.TestCases.LoginTest" time="0.757"/>
  <testcase name="verifyRegisterWithMandatoryDetails" classname="com.TN.TestCases.RegisterTest" time="1.332"/>
  <testcase name="verifyRegisterWithMandatoryDetails" classname="com.TN.TestCases.RegisterTest" time="1.358"/>
  <testcase name="verifyRegisterWithMandatoryDetails" classname="com.TN.TestCases.RegisterTest" time="1.319"/>
  <testcase name="verifyRegisterWithMandatoryDetails" classname="com.TN.TestCases.RegisterTest" time="1.328"/>
  <testcase name="verifyRegisterWithMandatoryDetails" classname="com.TN.TestCases.RegisterTest" time="1.317"/>
  <testcase name="verifyRegisterWithMandatoryDetails" classname="com.TN.TestCases.RegisterTest" time="1.345"/>
  <testcase name="verifyRegisterWithMandatoryDetails" classname="com.TN.TestCases.RegisterTest" time="1.321"/>
  <testcase name="verifyRegisterWithMandatoryDetails" classname="com.TN.TestCases.RegisterTest" time="1.323"/>
  <testcase name="verifyRegisterWithAllDetails" classname="com.TN.TestCases.RegisterTest" time="1.36"/>
  <testcase name="verifyRegisterWithExistingEmail" classname="com.TN.TestCases.RegisterTest" time="0.962"/>
  <testcase name="verifyRegisterWithWrongConfirmPassword" classname="com.TN.TestCases.RegisterTest" time="1.01"/>
  <testcase name="verifyRegisterWithNoDetails" classname="com.TN.TestCases.RegisterTest" time="0.521"/>
  <testcase name="verifySearchValidProduct" classname="com.TN.TestCases.SearchProductTest" time="0.669"/>
  <testcase name="verifySearchInvalidProduct" classname="com.TN.TestCases.SearchProductTest" time="0.446"/>
  <testcase name="verifySearchNoProduct" classname="com.TN.TestCases.SearchProductTest" time="0.395"/>
  <testcase name="verifyProductIsAddedToTheCart" classname="com.TN.TestCases.ViewCartPageTest" time="2.673"/>
</testsuite>